  [1m[35m (0.2ms)[0m  [1m[34mSELECT pg_try_advisory_lock(8462372772189101640);[0m
  [1m[35m (0.4ms)[0m  [1m[34mSELECT "schema_migrations"."version" FROM "schema_migrations" ORDER BY "schema_migrations"."version" ASC[0m
Migrating to CreateStores (20170524034952)
  [1m[35m (0.1ms)[0m  [1m[35mBEGIN[0m
  [1m[35m (1.6ms)[0m  [1m[35mCREATE TABLE "stores" ("id" bigserial primary key, "name" character varying, "kind" character varying, "created_at" timestamp NOT NULL, "updated_at" timestamp NOT NULL)[0m
  [1m[35m (0.1ms)[0m  [1m[31mROLLBACK[0m
  [1m[35m (0.2ms)[0m  [1m[34mSELECT pg_advisory_unlock(8462372772189101640)[0m
  [1m[35m (0.5ms)[0m  [1m[34mSELECT "schema_migrations"."version" FROM "schema_migrations" ORDER BY "schema_migrations"."version" ASC[0m
  [1m[35m (0.3ms)[0m  [1m[34mSELECT "ar_internal_metadata"."value" FROM "ar_internal_metadata" WHERE "ar_internal_metadata"."key" = $1[0m  [["key", "environment"]]
  [1m[35m (0.2ms)[0m  [1m[34mSELECT pg_try_advisory_lock(8462372772189101640);[0m
  [1m[35m (0.5ms)[0m  [1m[34mSELECT "schema_migrations"."version" FROM "schema_migrations" ORDER BY "schema_migrations"."version" ASC[0m
Migrating to CreateStores (20170524034952)
  [1m[35m (0.1ms)[0m  [1m[35mBEGIN[0m
  [1m[35m (1.3ms)[0m  [1m[35mCREATE TABLE "stores" ("id" bigserial primary key, "name" character varying, "kind" character varying, "created_at" timestamp NOT NULL, "updated_at" timestamp NOT NULL)[0m
  [1m[35m (0.1ms)[0m  [1m[31mROLLBACK[0m
  [1m[35m (0.2ms)[0m  [1m[34mSELECT pg_advisory_unlock(8462372772189101640)[0m
  [1m[35m (0.4ms)[0m  [1m[34mSELECT "schema_migrations"."version" FROM "schema_migrations" ORDER BY "schema_migrations"."version" ASC[0m
  [1m[35m (0.2ms)[0m  [1m[34mSELECT "ar_internal_metadata"."value" FROM "ar_internal_metadata" WHERE "ar_internal_metadata"."key" = $1[0m  [["key", "environment"]]
  [1m[35m (0.3ms)[0m  [1m[34mSELECT "schema_migrations"."version" FROM "schema_migrations" ORDER BY "schema_migrations"."version" ASC[0m
  [1m[35m (0.1ms)[0m  [1m[34mSELECT "schema_migrations"."version" FROM "schema_migrations" ORDER BY "schema_migrations"."version" ASC[0m
  [1m[35m (0.4ms)[0m  [1m[34mSELECT "schema_migrations"."version" FROM "schema_migrations" ORDER BY "schema_migrations"."version" ASC[0m
  [1m[35m (0.2ms)[0m  [1m[34mSELECT "schema_migrations"."version" FROM "schema_migrations" ORDER BY "schema_migrations"."version" ASC[0m
  [1m[35m (0.2ms)[0m  [1m[34mSELECT pg_try_advisory_lock(8462372772189101640);[0m
  [1m[35m (0.4ms)[0m  [1m[34mSELECT "schema_migrations"."version" FROM "schema_migrations" ORDER BY "schema_migrations"."version" ASC[0m
Migrating to CreateStores (20170524034952)
  [1m[35m (0.1ms)[0m  [1m[35mBEGIN[0m
  [1m[35m (5.9ms)[0m  [1m[35mCREATE TABLE "stores" ("id" bigserial primary key, "name" character varying, "kind" character varying, "created_at" timestamp NOT NULL, "updated_at" timestamp NOT NULL)[0m
  [1m[35m (0.1ms)[0m  [1m[31mROLLBACK[0m
  [1m[35m (0.2ms)[0m  [1m[34mSELECT pg_advisory_unlock(8462372772189101640)[0m
  [1m[35m (0.2ms)[0m  [1m[34mSELECT pg_try_advisory_lock(8462372772189101640);[0m
  [1m[35m (0.5ms)[0m  [1m[34mSELECT "schema_migrations"."version" FROM "schema_migrations" ORDER BY "schema_migrations"."version" ASC[0m
Migrating to CreateStores (20170524034952)
  [1m[35m (0.1ms)[0m  [1m[35mBEGIN[0m
  [1m[35m (74.9ms)[0m  [1m[35mCREATE TABLE "stores" ("id" bigserial primary key, "name" character varying, "kind" character varying, "created_at" timestamp NOT NULL, "updated_at" timestamp NOT NULL)[0m
  [1m[35mSQL (0.3ms)[0m  [1m[32mINSERT INTO "schema_migrations" ("version") VALUES ($1) RETURNING "version"[0m  [["version", "20170524034952"]]
  [1m[35m (13.0ms)[0m  [1m[35mCOMMIT[0m
Migrating to CreateProducts (20170524035227)
  [1m[35m (0.1ms)[0m  [1m[35mBEGIN[0m
  [1m[35m (62.4ms)[0m  [1m[35mCREATE TABLE "products" ("id" bigserial primary key, "name" character varying, "price" float, "quantity" integer, "description" character varying, "store_id" bigint, "created_at" timestamp NOT NULL, "updated_at" timestamp NOT NULL, CONSTRAINT "fk_rails_5cf8ff66a6"
FOREIGN KEY ("store_id")
  REFERENCES "stores" ("id")
)[0m
  [1m[35m (31.3ms)[0m  [1m[35mCREATE  INDEX  "index_products_on_store_id" ON "products"  ("store_id")[0m
  [1m[35mSQL (0.2ms)[0m  [1m[32mINSERT INTO "schema_migrations" ("version") VALUES ($1) RETURNING "version"[0m  [["version", "20170524035227"]]
  [1m[35m (13.6ms)[0m  [1m[35mCOMMIT[0m
Migrating to AddAttachmentToProducts (20170524035410)
  [1m[35m (0.1ms)[0m  [1m[35mBEGIN[0m
  [1m[35m (0.6ms)[0m  [1m[35mALTER TABLE "people" ADD "avatar_file_name" character varying[0m
  [1m[35m (0.1ms)[0m  [1m[31mROLLBACK[0m
  [1m[35m (0.2ms)[0m  [1m[34mSELECT pg_advisory_unlock(8462372772189101640)[0m
  [1m[35m (0.2ms)[0m  [1m[34mSELECT pg_try_advisory_lock(8462372772189101640);[0m
  [1m[35m (0.5ms)[0m  [1m[34mSELECT "schema_migrations"."version" FROM "schema_migrations" ORDER BY "schema_migrations"."version" ASC[0m
Migrating to AddAttachmentToProducts (20170524035410)
  [1m[35m (0.2ms)[0m  [1m[35mBEGIN[0m
  [1m[35m (0.4ms)[0m  [1m[35mALTER TABLE "products" ADD "img_file_name" character varying[0m
  [1m[35m (0.2ms)[0m  [1m[35mALTER TABLE "products" ADD "img_content_type" character varying[0m
  [1m[35m (0.2ms)[0m  [1m[35mALTER TABLE "products" ADD "img_file_size" integer[0m
  [1m[35m (0.1ms)[0m  [1m[35mALTER TABLE "products" ADD "img_updated_at" timestamp[0m
  [1m[35m (0.2ms)[0m  [1m[35mALTER TABLE "products" DROP "img_file_name"[0m
  [1m[35m (0.2ms)[0m  [1m[35mALTER TABLE "products" DROP "img_content_type"[0m
  [1m[35m (0.3ms)[0m  [1m[35mALTER TABLE "products" DROP "img_file_size"[0m
  [1m[35m (0.2ms)[0m  [1m[35mALTER TABLE "products" DROP "img_updated_at"[0m
  [1m[35mSQL (0.2ms)[0m  [1m[32mINSERT INTO "schema_migrations" ("version") VALUES ($1) RETURNING "version"[0m  [["version", "20170524035410"]]
  [1m[35m (6.9ms)[0m  [1m[35mCOMMIT[0m
  [1m[36mActiveRecord::InternalMetadata Load (0.2ms)[0m  [1m[34mSELECT  "ar_internal_metadata".* FROM "ar_internal_metadata" WHERE "ar_internal_metadata"."key" = $1 LIMIT $2[0m  [["key", "environment"], ["LIMIT", 1]]
  [1m[35m (0.1ms)[0m  [1m[35mBEGIN[0m
  [1m[35mSQL (0.3ms)[0m  [1m[32mINSERT INTO "ar_internal_metadata" ("key", "value", "created_at", "updated_at") VALUES ($1, $2, $3, $4) RETURNING "key"[0m  [["key", "environment"], ["value", "development"], ["created_at", "2017-05-24 04:00:57.663332"], ["updated_at", "2017-05-24 04:00:57.663332"]]
  [1m[35m (2.4ms)[0m  [1m[35mCOMMIT[0m
  [1m[35m (0.2ms)[0m  [1m[34mSELECT pg_advisory_unlock(8462372772189101640)[0m
  [1m[35m (0.1ms)[0m  [1m[34mSELECT "schema_migrations"."version" FROM "schema_migrations" ORDER BY "schema_migrations"."version" ASC[0m
  [1m[35m (0.4ms)[0m  [1m[34mSELECT "schema_migrations"."version" FROM "schema_migrations" ORDER BY "schema_migrations"."version" ASC[0m
  [1m[35m (0.1ms)[0m  [1m[34mSELECT pg_try_advisory_lock(8462372772189101640);[0m
  [1m[35m (0.2ms)[0m  [1m[34mSELECT "schema_migrations"."version" FROM "schema_migrations" ORDER BY "schema_migrations"."version" ASC[0m
Migrating to AddAttachmentToProducts (20170524035410)
  [1m[35m (0.1ms)[0m  [1m[35mBEGIN[0m
  [1m[35m (0.7ms)[0m  [1m[35mALTER TABLE "products" DROP "img_file_name"[0m
  [1m[35m (0.1ms)[0m  [1m[31mROLLBACK[0m
  [1m[35m (0.1ms)[0m  [1m[34mSELECT pg_advisory_unlock(8462372772189101640)[0m
  [1m[35m (0.5ms)[0m  [1m[34mSELECT "schema_migrations"."version" FROM "schema_migrations" ORDER BY "schema_migrations"."version" ASC[0m
  [1m[35m (0.3ms)[0m  [1m[34mSELECT "ar_internal_metadata"."value" FROM "ar_internal_metadata" WHERE "ar_internal_metadata"."key" = $1[0m  [["key", "environment"]]
  [1m[35m (0.2ms)[0m  [1m[34mSELECT "schema_migrations"."version" FROM "schema_migrations" ORDER BY "schema_migrations"."version" ASC[0m
  [1m[35m (0.1ms)[0m  [1m[34mSELECT "ar_internal_metadata"."value" FROM "ar_internal_metadata" WHERE "ar_internal_metadata"."key" = $1[0m  [["key", "environment"]]
  [1m[35m (0.2ms)[0m  [1m[34mSELECT "schema_migrations"."version" FROM "schema_migrations" ORDER BY "schema_migrations"."version" ASC[0m
  [1m[35m (0.2ms)[0m  [1m[34mSELECT "ar_internal_metadata"."value" FROM "ar_internal_metadata" WHERE "ar_internal_metadata"."key" = $1[0m  [["key", "environment"]]
  [1m[35m (5009.4ms)[0m  [1m[35mDROP DATABASE IF EXISTS "market_electronics_development"[0m
  [1m[35m (0.1ms)[0m  [1m[34mSELECT pg_try_advisory_lock(8462372772189101640);[0m
  [1m[35m (0.4ms)[0m  [1m[34mSELECT "schema_migrations"."version" FROM "schema_migrations" ORDER BY "schema_migrations"."version" ASC[0m
Migrating to AddAttachmentToProducts2 (20170524040416)
  [1m[35m (0.1ms)[0m  [1m[35mBEGIN[0m
  [1m[35m (0.5ms)[0m  [1m[35mALTER TABLE "people" ADD "avatar_file_name" character varying[0m
  [1m[35m (0.1ms)[0m  [1m[31mROLLBACK[0m
  [1m[35m (0.2ms)[0m  [1m[34mSELECT pg_advisory_unlock(8462372772189101640)[0m
  [1m[35m (0.2ms)[0m  [1m[34mSELECT pg_try_advisory_lock(8462372772189101640);[0m
  [1m[35m (0.4ms)[0m  [1m[34mSELECT "schema_migrations"."version" FROM "schema_migrations" ORDER BY "schema_migrations"."version" ASC[0m
Migrating to AddAttachmentToProducts2 (20170524040416)
  [1m[35m (0.1ms)[0m  [1m[35mBEGIN[0m
  [1m[35m (0.5ms)[0m  [1m[35mALTER TABLE "products" ADD "img_file_name" character varying[0m
  [1m[35m (0.2ms)[0m  [1m[35mALTER TABLE "products" ADD "img_content_type" character varying[0m
  [1m[35m (0.2ms)[0m  [1m[35mALTER TABLE "products" ADD "img_file_size" integer[0m
  [1m[35m (0.2ms)[0m  [1m[35mALTER TABLE "products" ADD "img_updated_at" timestamp[0m
  [1m[35mSQL (0.2ms)[0m  [1m[32mINSERT INTO "schema_migrations" ("version") VALUES ($1) RETURNING "version"[0m  [["version", "20170524040416"]]
  [1m[35m (5.8ms)[0m  [1m[35mCOMMIT[0m
  [1m[36mActiveRecord::InternalMetadata Load (0.3ms)[0m  [1m[34mSELECT  "ar_internal_metadata".* FROM "ar_internal_metadata" WHERE "ar_internal_metadata"."key" = $1 LIMIT $2[0m  [["key", "environment"], ["LIMIT", 1]]
  [1m[35m (0.1ms)[0m  [1m[35mBEGIN[0m
  [1m[35m (0.1ms)[0m  [1m[35mCOMMIT[0m
  [1m[35m (0.2ms)[0m  [1m[34mSELECT pg_advisory_unlock(8462372772189101640)[0m
  [1m[35m (0.2ms)[0m  [1m[34mSELECT "schema_migrations"."version" FROM "schema_migrations" ORDER BY "schema_migrations"."version" ASC[0m
Started GET "/" for 127.0.0.1 at 2017-05-24 00:19:34 -0400
  [1m[35m (0.4ms)[0m  [1m[34mSELECT "schema_migrations"."version" FROM "schema_migrations" ORDER BY "schema_migrations"."version" ASC[0m
Processing by Rails::WelcomeController#index as HTML
  Rendering /home/gianfranco/.rvm/gems/ruby-2.4.0/gems/railties-5.1.1/lib/rails/templates/rails/welcome/index.html.erb
  Rendered /home/gianfranco/.rvm/gems/ruby-2.4.0/gems/railties-5.1.1/lib/rails/templates/rails/welcome/index.html.erb (1.8ms)
Completed 200 OK in 11ms (Views: 4.0ms | ActiveRecord: 0.0ms)


Started GET "/rails/info/routes" for 127.0.0.1 at 2017-05-24 00:19:54 -0400
Processing by Rails::InfoController#routes as HTML
  Rendering /home/gianfranco/.rvm/gems/ruby-2.4.0/gems/railties-5.1.1/lib/rails/templates/rails/info/routes.html.erb within layouts/application
  Rendered /home/gianfranco/.rvm/gems/ruby-2.4.0/gems/actionpack-5.1.1/lib/action_dispatch/middleware/templates/routes/_table.html.erb (1.7ms) [cache miss]
  Rendered /home/gianfranco/.rvm/gems/ruby-2.4.0/gems/railties-5.1.1/lib/rails/templates/rails/info/routes.html.erb within layouts/application (2.8ms)
Completed 200 OK in 6ms (Views: 4.9ms | ActiveRecord: 0.0ms)


Started GET "/rails/info/routes" for 127.0.0.1 at 2017-05-24 00:32:20 -0400
  [1m[35m (0.6ms)[0m  [1m[34mSELECT "schema_migrations"."version" FROM "schema_migrations" ORDER BY "schema_migrations"."version" ASC[0m
Processing by Rails::InfoController#routes as HTML
  Rendering /home/gianfranco/.rvm/gems/ruby-2.4.0/gems/railties-5.1.1/lib/rails/templates/rails/info/routes.html.erb within layouts/application
  Rendered collection of /home/gianfranco/.rvm/gems/ruby-2.4.0/gems/actionpack-5.1.1/lib/action_dispatch/middleware/templates/routes/_route.html.erb [8 times] (19.4ms)
  Rendered /home/gianfranco/.rvm/gems/ruby-2.4.0/gems/actionpack-5.1.1/lib/action_dispatch/middleware/templates/routes/_table.html.erb (1.6ms) [cache miss]
  Rendered /home/gianfranco/.rvm/gems/ruby-2.4.0/gems/railties-5.1.1/lib/rails/templates/rails/info/routes.html.erb within layouts/application (23.8ms)
Completed 200 OK in 34ms (Views: 27.8ms | ActiveRecord: 0.0ms)


Started GET "/rails/info/routes" for 127.0.0.1 at 2017-05-24 00:35:07 -0400
Processing by Rails::InfoController#routes as HTML
Started GET "/rails/info/routes" for 127.0.0.1 at 2017-05-24 00:35:17 -0400
  Rendering /home/gianfranco/.rvm/gems/ruby-2.4.0/gems/railties-5.1.1/lib/rails/templates/rails/info/routes.html.erb within layouts/application
  Rendered collection of /home/gianfranco/.rvm/gems/ruby-2.4.0/gems/actionpack-5.1.1/lib/action_dispatch/middleware/templates/routes/_route.html.erb [8 times] (2.1ms)
  Rendered /home/gianfranco/.rvm/gems/ruby-2.4.0/gems/actionpack-5.1.1/lib/action_dispatch/middleware/templates/routes/_table.html.erb (0.9ms) [cache miss]
  Rendered /home/gianfranco/.rvm/gems/ruby-2.4.0/gems/railties-5.1.1/lib/rails/templates/rails/info/routes.html.erb within layouts/application (4.8ms)
Completed 200 OK in 8ms (Views: 6.8ms | ActiveRecord: 0.0ms)


Processing by Rails::InfoController#routes as HTML
  Rendering /home/gianfranco/.rvm/gems/ruby-2.4.0/gems/railties-5.1.1/lib/rails/templates/rails/info/routes.html.erb within layouts/application
  Rendered collection of /home/gianfranco/.rvm/gems/ruby-2.4.0/gems/actionpack-5.1.1/lib/action_dispatch/middleware/templates/routes/_route.html.erb [8 times] (1.8ms)
  Rendered /home/gianfranco/.rvm/gems/ruby-2.4.0/gems/actionpack-5.1.1/lib/action_dispatch/middleware/templates/routes/_table.html.erb (0.3ms) [cache miss]
  Rendered /home/gianfranco/.rvm/gems/ruby-2.4.0/gems/railties-5.1.1/lib/rails/templates/rails/info/routes.html.erb within layouts/application (3.7ms)
Completed 200 OK in 6ms (Views: 5.3ms | ActiveRecord: 0.0ms)


Started GET "/v1/stores" for 127.0.0.1 at 2017-05-24 00:36:17 -0400

ActionController::RoutingError - uninitialized constant V1:
  actionpack (5.1.1) lib/action_dispatch/routing/route_set.rb:45:in `rescue in controller'
  actionpack (5.1.1) lib/action_dispatch/routing/route_set.rb:43:in `controller'
  actionpack (5.1.1) lib/action_dispatch/routing/route_set.rb:29:in `serve'
  actionpack (5.1.1) lib/action_dispatch/journey/router.rb:46:in `block in serve'
  actionpack (5.1.1) lib/action_dispatch/journey/router.rb:33:in `serve'
  actionpack (5.1.1) lib/action_dispatch/routing/route_set.rb:832:in `call'
  rack (2.0.3) lib/rack/etag.rb:25:in `call'
  rack (2.0.3) lib/rack/conditional_get.rb:25:in `call'
  rack (2.0.3) lib/rack/head.rb:12:in `call'
  rack (2.0.3) lib/rack/session/abstract/id.rb:232:in `context'
  rack (2.0.3) lib/rack/session/abstract/id.rb:226:in `call'
  actionpack (5.1.1) lib/action_dispatch/middleware/cookies.rb:613:in `call'
  activerecord (5.1.1) lib/active_record/migration.rb:556:in `call'
  actionpack (5.1.1) lib/action_dispatch/middleware/callbacks.rb:26:in `block in call'
  activesupport (5.1.1) lib/active_support/callbacks.rb:97:in `run_callbacks'
  actionpack (5.1.1) lib/action_dispatch/middleware/callbacks.rb:24:in `call'
  actionpack (5.1.1) lib/action_dispatch/middleware/executor.rb:12:in `call'
  better_errors (2.1.1) lib/better_errors/middleware.rb:84:in `protected_app_call'
  better_errors (2.1.1) lib/better_errors/middleware.rb:79:in `better_errors_call'
  better_errors (2.1.1) lib/better_errors/middleware.rb:57:in `call'
  actionpack (5.1.1) lib/action_dispatch/middleware/debug_exceptions.rb:59:in `call'
  web-console (3.5.1) lib/web_console/middleware.rb:135:in `call_app'
  web-console (3.5.1) lib/web_console/middleware.rb:28:in `block in call'
  web-console (3.5.1) lib/web_console/middleware.rb:18:in `call'
  actionpack (5.1.1) lib/action_dispatch/middleware/show_exceptions.rb:31:in `call'
  railties (5.1.1) lib/rails/rack/logger.rb:36:in `call_app'
  railties (5.1.1) lib/rails/rack/logger.rb:24:in `block in call'
  activesupport (5.1.1) lib/active_support/tagged_logging.rb:69:in `block in tagged'
  activesupport (5.1.1) lib/active_support/tagged_logging.rb:26:in `tagged'
  activesupport (5.1.1) lib/active_support/tagged_logging.rb:69:in `tagged'
  railties (5.1.1) lib/rails/rack/logger.rb:24:in `call'
  sprockets-rails (3.2.0) lib/sprockets/rails/quiet_assets.rb:13:in `call'
  actionpack (5.1.1) lib/action_dispatch/middleware/remote_ip.rb:79:in `call'
  actionpack (5.1.1) lib/action_dispatch/middleware/request_id.rb:25:in `call'
  rack (2.0.3) lib/rack/method_override.rb:22:in `call'
  rack (2.0.3) lib/rack/runtime.rb:22:in `call'
  activesupport (5.1.1) lib/active_support/cache/strategy/local_cache_middleware.rb:27:in `call'
  actionpack (5.1.1) lib/action_dispatch/middleware/executor.rb:12:in `call'
  actionpack (5.1.1) lib/action_dispatch/middleware/static.rb:125:in `call'
  rack (2.0.3) lib/rack/sendfile.rb:111:in `call'
  railties (5.1.1) lib/rails/engine.rb:522:in `call'
  puma (3.8.2) lib/puma/configuration.rb:224:in `call'
  puma (3.8.2) lib/puma/server.rb:600:in `handle_request'
  puma (3.8.2) lib/puma/server.rb:435:in `process_client'
  puma (3.8.2) lib/puma/server.rb:299:in `block in run'
  puma (3.8.2) lib/puma/thread_pool.rb:120:in `block in spawn_thread'

Started POST "/__better_errors/b1016041ac43a03e/variables" for 127.0.0.1 at 2017-05-24 00:36:18 -0400
Started GET "/rails/info/routes" for 127.0.0.1 at 2017-05-24 00:38:58 -0400
  [1m[35m (0.4ms)[0m  [1m[34mSELECT "schema_migrations"."version" FROM "schema_migrations" ORDER BY "schema_migrations"."version" ASC[0m
Processing by Rails::InfoController#routes as HTML
  Rendering /home/gianfranco/.rvm/gems/ruby-2.4.0/gems/railties-5.1.1/lib/rails/templates/rails/info/routes.html.erb within layouts/application
  Rendered collection of /home/gianfranco/.rvm/gems/ruby-2.4.0/gems/actionpack-5.1.1/lib/action_dispatch/middleware/templates/routes/_route.html.erb [8 times] (2.6ms)
  Rendered /home/gianfranco/.rvm/gems/ruby-2.4.0/gems/actionpack-5.1.1/lib/action_dispatch/middleware/templates/routes/_table.html.erb (1.9ms) [cache miss]
  Rendered /home/gianfranco/.rvm/gems/ruby-2.4.0/gems/railties-5.1.1/lib/rails/templates/rails/info/routes.html.erb within layouts/application (7.0ms)
Completed 200 OK in 17ms (Views: 10.4ms | ActiveRecord: 0.0ms)


Started GET "/stores" for 127.0.0.1 at 2017-05-24 00:39:11 -0400

ActionController::RoutingError - uninitialized constant StoresController:
  actionpack (5.1.1) lib/action_dispatch/routing/route_set.rb:45:in `rescue in controller'
  actionpack (5.1.1) lib/action_dispatch/routing/route_set.rb:43:in `controller'
  actionpack (5.1.1) lib/action_dispatch/routing/route_set.rb:29:in `serve'
  actionpack (5.1.1) lib/action_dispatch/journey/router.rb:46:in `block in serve'
  actionpack (5.1.1) lib/action_dispatch/journey/router.rb:33:in `serve'
  actionpack (5.1.1) lib/action_dispatch/routing/route_set.rb:832:in `call'
  rack (2.0.3) lib/rack/etag.rb:25:in `call'
  rack (2.0.3) lib/rack/conditional_get.rb:25:in `call'
  rack (2.0.3) lib/rack/head.rb:12:in `call'
  rack (2.0.3) lib/rack/session/abstract/id.rb:232:in `context'
  rack (2.0.3) lib/rack/session/abstract/id.rb:226:in `call'
  actionpack (5.1.1) lib/action_dispatch/middleware/cookies.rb:613:in `call'
  activerecord (5.1.1) lib/active_record/migration.rb:556:in `call'
  actionpack (5.1.1) lib/action_dispatch/middleware/callbacks.rb:26:in `block in call'
  activesupport (5.1.1) lib/active_support/callbacks.rb:97:in `run_callbacks'
  actionpack (5.1.1) lib/action_dispatch/middleware/callbacks.rb:24:in `call'
  actionpack (5.1.1) lib/action_dispatch/middleware/executor.rb:12:in `call'
  better_errors (2.1.1) lib/better_errors/middleware.rb:84:in `protected_app_call'
  better_errors (2.1.1) lib/better_errors/middleware.rb:79:in `better_errors_call'
  better_errors (2.1.1) lib/better_errors/middleware.rb:57:in `call'
  actionpack (5.1.1) lib/action_dispatch/middleware/debug_exceptions.rb:59:in `call'
  web-console (3.5.1) lib/web_console/middleware.rb:135:in `call_app'
  web-console (3.5.1) lib/web_console/middleware.rb:28:in `block in call'
  web-console (3.5.1) lib/web_console/middleware.rb:18:in `call'
  actionpack (5.1.1) lib/action_dispatch/middleware/show_exceptions.rb:31:in `call'
  railties (5.1.1) lib/rails/rack/logger.rb:36:in `call_app'
  railties (5.1.1) lib/rails/rack/logger.rb:24:in `block in call'
  activesupport (5.1.1) lib/active_support/tagged_logging.rb:69:in `block in tagged'
  activesupport (5.1.1) lib/active_support/tagged_logging.rb:26:in `tagged'
  activesupport (5.1.1) lib/active_support/tagged_logging.rb:69:in `tagged'
  railties (5.1.1) lib/rails/rack/logger.rb:24:in `call'
  sprockets-rails (3.2.0) lib/sprockets/rails/quiet_assets.rb:13:in `call'
  actionpack (5.1.1) lib/action_dispatch/middleware/remote_ip.rb:79:in `call'
  actionpack (5.1.1) lib/action_dispatch/middleware/request_id.rb:25:in `call'
  rack (2.0.3) lib/rack/method_override.rb:22:in `call'
  rack (2.0.3) lib/rack/runtime.rb:22:in `call'
  activesupport (5.1.1) lib/active_support/cache/strategy/local_cache_middleware.rb:27:in `call'
  actionpack (5.1.1) lib/action_dispatch/middleware/executor.rb:12:in `call'
  actionpack (5.1.1) lib/action_dispatch/middleware/static.rb:125:in `call'
  rack (2.0.3) lib/rack/sendfile.rb:111:in `call'
  railties (5.1.1) lib/rails/engine.rb:522:in `call'
  puma (3.8.2) lib/puma/configuration.rb:224:in `call'
  puma (3.8.2) lib/puma/server.rb:600:in `handle_request'
  puma (3.8.2) lib/puma/server.rb:435:in `process_client'
  puma (3.8.2) lib/puma/server.rb:299:in `block in run'
  puma (3.8.2) lib/puma/thread_pool.rb:120:in `block in spawn_thread'

Started POST "/__better_errors/41c75f7296274391/variables" for 127.0.0.1 at 2017-05-24 00:39:11 -0400
Started GET "/stores" for 127.0.0.1 at 2017-05-24 00:39:47 -0400

ActionController::RoutingError - uninitialized constant StoresController:
  actionpack (5.1.1) lib/action_dispatch/routing/route_set.rb:45:in `rescue in controller'
  actionpack (5.1.1) lib/action_dispatch/routing/route_set.rb:43:in `controller'
  actionpack (5.1.1) lib/action_dispatch/routing/route_set.rb:29:in `serve'
  actionpack (5.1.1) lib/action_dispatch/journey/router.rb:46:in `block in serve'
  actionpack (5.1.1) lib/action_dispatch/journey/router.rb:33:in `serve'
  actionpack (5.1.1) lib/action_dispatch/routing/route_set.rb:832:in `call'
  rack (2.0.3) lib/rack/etag.rb:25:in `call'
  rack (2.0.3) lib/rack/conditional_get.rb:25:in `call'
  rack (2.0.3) lib/rack/head.rb:12:in `call'
  rack (2.0.3) lib/rack/session/abstract/id.rb:232:in `context'
  rack (2.0.3) lib/rack/session/abstract/id.rb:226:in `call'
  actionpack (5.1.1) lib/action_dispatch/middleware/cookies.rb:613:in `call'
  activerecord (5.1.1) lib/active_record/migration.rb:556:in `call'
  actionpack (5.1.1) lib/action_dispatch/middleware/callbacks.rb:26:in `block in call'
  activesupport (5.1.1) lib/active_support/callbacks.rb:97:in `run_callbacks'
  actionpack (5.1.1) lib/action_dispatch/middleware/callbacks.rb:24:in `call'
  actionpack (5.1.1) lib/action_dispatch/middleware/executor.rb:12:in `call'
  better_errors (2.1.1) lib/better_errors/middleware.rb:84:in `protected_app_call'
  better_errors (2.1.1) lib/better_errors/middleware.rb:79:in `better_errors_call'
  better_errors (2.1.1) lib/better_errors/middleware.rb:57:in `call'
  actionpack (5.1.1) lib/action_dispatch/middleware/debug_exceptions.rb:59:in `call'
  web-console (3.5.1) lib/web_console/middleware.rb:135:in `call_app'
  web-console (3.5.1) lib/web_console/middleware.rb:28:in `block in call'
  web-console (3.5.1) lib/web_console/middleware.rb:18:in `call'
  actionpack (5.1.1) lib/action_dispatch/middleware/show_exceptions.rb:31:in `call'
  railties (5.1.1) lib/rails/rack/logger.rb:36:in `call_app'
  railties (5.1.1) lib/rails/rack/logger.rb:24:in `block in call'
  activesupport (5.1.1) lib/active_support/tagged_logging.rb:69:in `block in tagged'
  activesupport (5.1.1) lib/active_support/tagged_logging.rb:26:in `tagged'
  activesupport (5.1.1) lib/active_support/tagged_logging.rb:69:in `tagged'
  railties (5.1.1) lib/rails/rack/logger.rb:24:in `call'
  sprockets-rails (3.2.0) lib/sprockets/rails/quiet_assets.rb:13:in `call'
  actionpack (5.1.1) lib/action_dispatch/middleware/remote_ip.rb:79:in `call'
  actionpack (5.1.1) lib/action_dispatch/middleware/request_id.rb:25:in `call'
  rack (2.0.3) lib/rack/method_override.rb:22:in `call'
  rack (2.0.3) lib/rack/runtime.rb:22:in `call'
  activesupport (5.1.1) lib/active_support/cache/strategy/local_cache_middleware.rb:27:in `call'
  actionpack (5.1.1) lib/action_dispatch/middleware/executor.rb:12:in `call'
  actionpack (5.1.1) lib/action_dispatch/middleware/static.rb:125:in `call'
  rack (2.0.3) lib/rack/sendfile.rb:111:in `call'
  railties (5.1.1) lib/rails/engine.rb:522:in `call'
  puma (3.8.2) lib/puma/configuration.rb:224:in `call'
  puma (3.8.2) lib/puma/server.rb:600:in `handle_request'
  puma (3.8.2) lib/puma/server.rb:435:in `process_client'
  puma (3.8.2) lib/puma/server.rb:299:in `block in run'
  puma (3.8.2) lib/puma/thread_pool.rb:120:in `block in spawn_thread'

Started GET "/stores" for 127.0.0.1 at 2017-05-24 00:40:25 -0400
Processing by StoresController#index as */*
No template found for StoresController#index, rendering head :no_content
Completed 204 No Content in 14ms (ActiveRecord: 0.0ms)


Started GET "/stores" for 127.0.0.1 at 2017-05-24 00:40:28 -0400
Processing by StoresController#index as HTML
Completed 406 Not Acceptable in 9ms (ActiveRecord: 0.0ms)



ActionController::UnknownFormat - StoresController#index is missing a template for this request format and variant.

request.formats: ["text/html"]
request.variant: []

NOTE! For XHR/Ajax or API requests, this action would normally respond with 204 No Content: an empty white screen. Since you're loading it in a web browser, we assume that you expected to actually render a template, not nothing, so we're showing an error to be extra-clear. If you expect 204 No Content, carry on. That's what you'll get from an XHR or API request. Give it a shot.:
  actionpack (5.1.1) lib/action_controller/metal/implicit_render.rb:53:in `default_render'
  actionpack (5.1.1) lib/action_controller/metal/basic_implicit_render.rb:4:in `block in send_action'
  actionpack (5.1.1) lib/action_controller/metal/basic_implicit_render.rb:4:in `send_action'
  actionpack (5.1.1) lib/abstract_controller/base.rb:186:in `process_action'
  actionpack (5.1.1) lib/action_controller/metal/rendering.rb:30:in `process_action'
  actionpack (5.1.1) lib/abstract_controller/callbacks.rb:20:in `block in process_action'
  activesupport (5.1.1) lib/active_support/callbacks.rb:131:in `run_callbacks'
  actionpack (5.1.1) lib/abstract_controller/callbacks.rb:19:in `process_action'
  actionpack (5.1.1) lib/action_controller/metal/rescue.rb:20:in `process_action'
  actionpack (5.1.1) lib/action_controller/metal/instrumentation.rb:32:in `block in process_action'
  activesupport (5.1.1) lib/active_support/notifications.rb:166:in `block in instrument'
  activesupport (5.1.1) lib/active_support/notifications/instrumenter.rb:21:in `instrument'
  activesupport (5.1.1) lib/active_support/notifications.rb:166:in `instrument'
  actionpack (5.1.1) lib/action_controller/metal/instrumentation.rb:30:in `process_action'
  actionpack (5.1.1) lib/action_controller/metal/params_wrapper.rb:252:in `process_action'
  activerecord (5.1.1) lib/active_record/railties/controller_runtime.rb:22:in `process_action'
  actionpack (5.1.1) lib/abstract_controller/base.rb:124:in `process'
  actionview (5.1.1) lib/action_view/rendering.rb:30:in `process'
  actionpack (5.1.1) lib/action_controller/metal.rb:189:in `dispatch'
  actionpack (5.1.1) lib/action_controller/metal.rb:253:in `dispatch'
  actionpack (5.1.1) lib/action_dispatch/routing/route_set.rb:49:in `dispatch'
  actionpack (5.1.1) lib/action_dispatch/routing/route_set.rb:31:in `serve'
  actionpack (5.1.1) lib/action_dispatch/journey/router.rb:46:in `block in serve'
  actionpack (5.1.1) lib/action_dispatch/journey/router.rb:33:in `serve'
  actionpack (5.1.1) lib/action_dispatch/routing/route_set.rb:832:in `call'
  rack (2.0.3) lib/rack/etag.rb:25:in `call'
  rack (2.0.3) lib/rack/conditional_get.rb:25:in `call'
  rack (2.0.3) lib/rack/head.rb:12:in `call'
  rack (2.0.3) lib/rack/session/abstract/id.rb:232:in `context'
  rack (2.0.3) lib/rack/session/abstract/id.rb:226:in `call'
  actionpack (5.1.1) lib/action_dispatch/middleware/cookies.rb:613:in `call'
  activerecord (5.1.1) lib/active_record/migration.rb:556:in `call'
  actionpack (5.1.1) lib/action_dispatch/middleware/callbacks.rb:26:in `block in call'
  activesupport (5.1.1) lib/active_support/callbacks.rb:97:in `run_callbacks'
  actionpack (5.1.1) lib/action_dispatch/middleware/callbacks.rb:24:in `call'
  actionpack (5.1.1) lib/action_dispatch/middleware/executor.rb:12:in `call'
  better_errors (2.1.1) lib/better_errors/middleware.rb:84:in `protected_app_call'
  better_errors (2.1.1) lib/better_errors/middleware.rb:79:in `better_errors_call'
  better_errors (2.1.1) lib/better_errors/middleware.rb:57:in `call'
  actionpack (5.1.1) lib/action_dispatch/middleware/debug_exceptions.rb:59:in `call'
  web-console (3.5.1) lib/web_console/middleware.rb:135:in `call_app'
  web-console (3.5.1) lib/web_console/middleware.rb:28:in `block in call'
  web-console (3.5.1) lib/web_console/middleware.rb:18:in `call'
  actionpack (5.1.1) lib/action_dispatch/middleware/show_exceptions.rb:31:in `call'
  railties (5.1.1) lib/rails/rack/logger.rb:36:in `call_app'
  railties (5.1.1) lib/rails/rack/logger.rb:24:in `block in call'
  activesupport (5.1.1) lib/active_support/tagged_logging.rb:69:in `block in tagged'
  activesupport (5.1.1) lib/active_support/tagged_logging.rb:26:in `tagged'
  activesupport (5.1.1) lib/active_support/tagged_logging.rb:69:in `tagged'
  railties (5.1.1) lib/rails/rack/logger.rb:24:in `call'
  sprockets-rails (3.2.0) lib/sprockets/rails/quiet_assets.rb:13:in `call'
  actionpack (5.1.1) lib/action_dispatch/middleware/remote_ip.rb:79:in `call'
  actionpack (5.1.1) lib/action_dispatch/middleware/request_id.rb:25:in `call'
  rack (2.0.3) lib/rack/method_override.rb:22:in `call'
  rack (2.0.3) lib/rack/runtime.rb:22:in `call'
  activesupport (5.1.1) lib/active_support/cache/strategy/local_cache_middleware.rb:27:in `call'
  actionpack (5.1.1) lib/action_dispatch/middleware/executor.rb:12:in `call'
  actionpack (5.1.1) lib/action_dispatch/middleware/static.rb:125:in `call'
  rack (2.0.3) lib/rack/sendfile.rb:111:in `call'
  railties (5.1.1) lib/rails/engine.rb:522:in `call'
  puma (3.8.2) lib/puma/configuration.rb:224:in `call'
  puma (3.8.2) lib/puma/server.rb:600:in `handle_request'
  puma (3.8.2) lib/puma/server.rb:435:in `process_client'
  puma (3.8.2) lib/puma/server.rb:299:in `block in run'
  puma (3.8.2) lib/puma/thread_pool.rb:120:in `block in spawn_thread'

Started POST "/__better_errors/f381bd6a508ee3a2/variables" for 127.0.0.1 at 2017-05-24 00:40:28 -0400
Started POST "/stores" for 127.0.0.1 at 2017-05-24 00:44:26 -0400

SyntaxError - syntax error, unexpected end-of-input, expecting keyword_end:
  app/controllers/stores_controller.rb:16:in `'
  activesupport (5.1.1) lib/active_support/dependencies.rb:476:in `block in load_file'
  activesupport (5.1.1) lib/active_support/dependencies.rb:661:in `new_constants_in'
  activesupport (5.1.1) lib/active_support/dependencies.rb:475:in `load_file'
  activesupport (5.1.1) lib/active_support/dependencies.rb:374:in `block in require_or_load'
  activesupport (5.1.1) lib/active_support/dependencies.rb:36:in `block in load_interlock'
  activesupport (5.1.1) lib/active_support/dependencies/interlock.rb:12:in `block in loading'
  activesupport (5.1.1) lib/active_support/concurrency/share_lock.rb:149:in `exclusive'
  activesupport (5.1.1) lib/active_support/dependencies/interlock.rb:11:in `loading'
  activesupport (5.1.1) lib/active_support/dependencies.rb:36:in `load_interlock'
  activesupport (5.1.1) lib/active_support/dependencies.rb:357:in `require_or_load'
  activesupport (5.1.1) lib/active_support/dependencies.rb:510:in `load_missing_constant'
  activesupport (5.1.1) lib/active_support/dependencies.rb:202:in `const_missing'
  activesupport (5.1.1) lib/active_support/inflector/methods.rb:269:in `block in constantize'
  activesupport (5.1.1) lib/active_support/inflector/methods.rb:267:in `constantize'
  activesupport (5.1.1) lib/active_support/dependencies.rb:582:in `get'
  activesupport (5.1.1) lib/active_support/dependencies.rb:613:in `constantize'
  actionpack (5.1.1) lib/action_dispatch/http/request.rb:82:in `controller_class'
  actionpack (5.1.1) lib/action_dispatch/routing/route_set.rb:43:in `controller'
  actionpack (5.1.1) lib/action_dispatch/routing/route_set.rb:29:in `serve'
  actionpack (5.1.1) lib/action_dispatch/journey/router.rb:46:in `block in serve'
  actionpack (5.1.1) lib/action_dispatch/journey/router.rb:33:in `serve'
  actionpack (5.1.1) lib/action_dispatch/routing/route_set.rb:832:in `call'
  rack (2.0.3) lib/rack/etag.rb:25:in `call'
  rack (2.0.3) lib/rack/conditional_get.rb:38:in `call'
  rack (2.0.3) lib/rack/head.rb:12:in `call'
  rack (2.0.3) lib/rack/session/abstract/id.rb:232:in `context'
  rack (2.0.3) lib/rack/session/abstract/id.rb:226:in `call'
  actionpack (5.1.1) lib/action_dispatch/middleware/cookies.rb:613:in `call'
  activerecord (5.1.1) lib/active_record/migration.rb:556:in `call'
  actionpack (5.1.1) lib/action_dispatch/middleware/callbacks.rb:26:in `block in call'
  activesupport (5.1.1) lib/active_support/callbacks.rb:97:in `run_callbacks'
  actionpack (5.1.1) lib/action_dispatch/middleware/callbacks.rb:24:in `call'
  actionpack (5.1.1) lib/action_dispatch/middleware/executor.rb:12:in `call'
  better_errors (2.1.1) lib/better_errors/middleware.rb:84:in `protected_app_call'
  better_errors (2.1.1) lib/better_errors/middleware.rb:79:in `better_errors_call'
  better_errors (2.1.1) lib/better_errors/middleware.rb:57:in `call'
  actionpack (5.1.1) lib/action_dispatch/middleware/debug_exceptions.rb:59:in `call'
  web-console (3.5.1) lib/web_console/middleware.rb:135:in `call_app'
  web-console (3.5.1) lib/web_console/middleware.rb:28:in `block in call'
  web-console (3.5.1) lib/web_console/middleware.rb:18:in `call'
  actionpack (5.1.1) lib/action_dispatch/middleware/show_exceptions.rb:31:in `call'
  railties (5.1.1) lib/rails/rack/logger.rb:36:in `call_app'
  railties (5.1.1) lib/rails/rack/logger.rb:24:in `block in call'
  activesupport (5.1.1) lib/active_support/tagged_logging.rb:69:in `block in tagged'
  activesupport (5.1.1) lib/active_support/tagged_logging.rb:26:in `tagged'
  activesupport (5.1.1) lib/active_support/tagged_logging.rb:69:in `tagged'
  railties (5.1.1) lib/rails/rack/logger.rb:24:in `call'
  sprockets-rails (3.2.0) lib/sprockets/rails/quiet_assets.rb:13:in `call'
  actionpack (5.1.1) lib/action_dispatch/middleware/remote_ip.rb:79:in `call'
  actionpack (5.1.1) lib/action_dispatch/middleware/request_id.rb:25:in `call'
  rack (2.0.3) lib/rack/method_override.rb:22:in `call'
  rack (2.0.3) lib/rack/runtime.rb:22:in `call'
  activesupport (5.1.1) lib/active_support/cache/strategy/local_cache_middleware.rb:27:in `call'
  actionpack (5.1.1) lib/action_dispatch/middleware/executor.rb:12:in `call'
  actionpack (5.1.1) lib/action_dispatch/middleware/static.rb:125:in `call'
  rack (2.0.3) lib/rack/sendfile.rb:111:in `call'
  railties (5.1.1) lib/rails/engine.rb:522:in `call'
  puma (3.8.2) lib/puma/configuration.rb:224:in `call'
  puma (3.8.2) lib/puma/server.rb:600:in `handle_request'
  puma (3.8.2) lib/puma/server.rb:435:in `process_client'
  puma (3.8.2) lib/puma/server.rb:299:in `block in run'
  puma (3.8.2) lib/puma/thread_pool.rb:120:in `block in spawn_thread'

Started POST "/stores" for 127.0.0.1 at 2017-05-24 00:45:46 -0400

SyntaxError - syntax error, unexpected end-of-input, expecting keyword_end:
  app/controllers/stores_controller.rb:24:in `'
  activesupport (5.1.1) lib/active_support/dependencies.rb:476:in `block in load_file'
  activesupport (5.1.1) lib/active_support/dependencies.rb:661:in `new_constants_in'
  activesupport (5.1.1) lib/active_support/dependencies.rb:475:in `load_file'
  activesupport (5.1.1) lib/active_support/dependencies.rb:374:in `block in require_or_load'
  activesupport (5.1.1) lib/active_support/dependencies.rb:36:in `block in load_interlock'
  activesupport (5.1.1) lib/active_support/dependencies/interlock.rb:12:in `block in loading'
  activesupport (5.1.1) lib/active_support/concurrency/share_lock.rb:149:in `exclusive'
  activesupport (5.1.1) lib/active_support/dependencies/interlock.rb:11:in `loading'
  activesupport (5.1.1) lib/active_support/dependencies.rb:36:in `load_interlock'
  activesupport (5.1.1) lib/active_support/dependencies.rb:357:in `require_or_load'
  activesupport (5.1.1) lib/active_support/dependencies.rb:510:in `load_missing_constant'
  activesupport (5.1.1) lib/active_support/dependencies.rb:202:in `const_missing'
  activesupport (5.1.1) lib/active_support/inflector/methods.rb:269:in `block in constantize'
  activesupport (5.1.1) lib/active_support/inflector/methods.rb:267:in `constantize'
  activesupport (5.1.1) lib/active_support/dependencies.rb:582:in `get'
  activesupport (5.1.1) lib/active_support/dependencies.rb:613:in `constantize'
  actionpack (5.1.1) lib/action_dispatch/http/request.rb:82:in `controller_class'
  actionpack (5.1.1) lib/action_dispatch/routing/route_set.rb:43:in `controller'
  actionpack (5.1.1) lib/action_dispatch/routing/route_set.rb:29:in `serve'
  actionpack (5.1.1) lib/action_dispatch/journey/router.rb:46:in `block in serve'
  actionpack (5.1.1) lib/action_dispatch/journey/router.rb:33:in `serve'
  actionpack (5.1.1) lib/action_dispatch/routing/route_set.rb:832:in `call'
  rack (2.0.3) lib/rack/etag.rb:25:in `call'
  rack (2.0.3) lib/rack/conditional_get.rb:38:in `call'
  rack (2.0.3) lib/rack/head.rb:12:in `call'
  rack (2.0.3) lib/rack/session/abstract/id.rb:232:in `context'
  rack (2.0.3) lib/rack/session/abstract/id.rb:226:in `call'
  actionpack (5.1.1) lib/action_dispatch/middleware/cookies.rb:613:in `call'
  activerecord (5.1.1) lib/active_record/migration.rb:556:in `call'
  actionpack (5.1.1) lib/action_dispatch/middleware/callbacks.rb:26:in `block in call'
  activesupport (5.1.1) lib/active_support/callbacks.rb:97:in `run_callbacks'
  actionpack (5.1.1) lib/action_dispatch/middleware/callbacks.rb:24:in `call'
  actionpack (5.1.1) lib/action_dispatch/middleware/executor.rb:12:in `call'
  better_errors (2.1.1) lib/better_errors/middleware.rb:84:in `protected_app_call'
  better_errors (2.1.1) lib/better_errors/middleware.rb:79:in `better_errors_call'
  better_errors (2.1.1) lib/better_errors/middleware.rb:57:in `call'
  actionpack (5.1.1) lib/action_dispatch/middleware/debug_exceptions.rb:59:in `call'
  web-console (3.5.1) lib/web_console/middleware.rb:135:in `call_app'
  web-console (3.5.1) lib/web_console/middleware.rb:28:in `block in call'
  web-console (3.5.1) lib/web_console/middleware.rb:18:in `call'
  actionpack (5.1.1) lib/action_dispatch/middleware/show_exceptions.rb:31:in `call'
  railties (5.1.1) lib/rails/rack/logger.rb:36:in `call_app'
  railties (5.1.1) lib/rails/rack/logger.rb:24:in `block in call'
  activesupport (5.1.1) lib/active_support/tagged_logging.rb:69:in `block in tagged'
  activesupport (5.1.1) lib/active_support/tagged_logging.rb:26:in `tagged'
  activesupport (5.1.1) lib/active_support/tagged_logging.rb:69:in `tagged'
  railties (5.1.1) lib/rails/rack/logger.rb:24:in `call'
  sprockets-rails (3.2.0) lib/sprockets/rails/quiet_assets.rb:13:in `call'
  actionpack (5.1.1) lib/action_dispatch/middleware/remote_ip.rb:79:in `call'
  actionpack (5.1.1) lib/action_dispatch/middleware/request_id.rb:25:in `call'
  rack (2.0.3) lib/rack/method_override.rb:22:in `call'
  rack (2.0.3) lib/rack/runtime.rb:22:in `call'
  activesupport (5.1.1) lib/active_support/cache/strategy/local_cache_middleware.rb:27:in `call'
  actionpack (5.1.1) lib/action_dispatch/middleware/executor.rb:12:in `call'
  actionpack (5.1.1) lib/action_dispatch/middleware/static.rb:125:in `call'
  rack (2.0.3) lib/rack/sendfile.rb:111:in `call'
  railties (5.1.1) lib/rails/engine.rb:522:in `call'
  puma (3.8.2) lib/puma/configuration.rb:224:in `call'
  puma (3.8.2) lib/puma/server.rb:600:in `handle_request'
  puma (3.8.2) lib/puma/server.rb:435:in `process_client'
  puma (3.8.2) lib/puma/server.rb:299:in `block in run'
  puma (3.8.2) lib/puma/thread_pool.rb:120:in `block in spawn_thread'

Started POST "/stores" for 127.0.0.1 at 2017-05-24 00:46:01 -0400
Processing by StoresController#create as */*
  Parameters: {"name"=>"Cosco", "kind"=>"electronics"}
HTTP Origin header (chrome-extension://fhbjgbiflinjbdggehcddcbncdddomop) didn't match request.base_url (http://localhost:3000)
Completed 422 Unprocessable Entity in 1ms (ActiveRecord: 0.0ms)



ActionController::InvalidAuthenticityToken - ActionController::InvalidAuthenticityToken:
  actionpack (5.1.1) lib/action_controller/metal/request_forgery_protection.rb:195:in `handle_unverified_request'
  actionpack (5.1.1) lib/action_controller/metal/request_forgery_protection.rb:227:in `handle_unverified_request'
  actionpack (5.1.1) lib/action_controller/metal/request_forgery_protection.rb:222:in `verify_authenticity_token'
  activesupport (5.1.1) lib/active_support/callbacks.rb:413:in `block in make_lambda'
  activesupport (5.1.1) lib/active_support/callbacks.rb:197:in `block (2 levels) in halting'
  actionpack (5.1.1) lib/abstract_controller/callbacks.rb:12:in `block (2 levels) in <module:Callbacks>'
  activesupport (5.1.1) lib/active_support/callbacks.rb:198:in `block in halting'
  activesupport (5.1.1) lib/active_support/callbacks.rb:507:in `block in invoke_before'
  activesupport (5.1.1) lib/active_support/callbacks.rb:507:in `invoke_before'
  activesupport (5.1.1) lib/active_support/callbacks.rb:130:in `run_callbacks'
  actionpack (5.1.1) lib/abstract_controller/callbacks.rb:19:in `process_action'
  actionpack (5.1.1) lib/action_controller/metal/rescue.rb:20:in `process_action'
  actionpack (5.1.1) lib/action_controller/metal/instrumentation.rb:32:in `block in process_action'
  activesupport (5.1.1) lib/active_support/notifications.rb:166:in `block in instrument'
  activesupport (5.1.1) lib/active_support/notifications/instrumenter.rb:21:in `instrument'
  activesupport (5.1.1) lib/active_support/notifications.rb:166:in `instrument'
  actionpack (5.1.1) lib/action_controller/metal/instrumentation.rb:30:in `process_action'
  actionpack (5.1.1) lib/action_controller/metal/params_wrapper.rb:252:in `process_action'
  activerecord (5.1.1) lib/active_record/railties/controller_runtime.rb:22:in `process_action'
  actionpack (5.1.1) lib/abstract_controller/base.rb:124:in `process'
  actionview (5.1.1) lib/action_view/rendering.rb:30:in `process'
  actionpack (5.1.1) lib/action_controller/metal.rb:189:in `dispatch'
  actionpack (5.1.1) lib/action_controller/metal.rb:253:in `dispatch'
  actionpack (5.1.1) lib/action_dispatch/routing/route_set.rb:49:in `dispatch'
  actionpack (5.1.1) lib/action_dispatch/routing/route_set.rb:31:in `serve'
  actionpack (5.1.1) lib/action_dispatch/journey/router.rb:46:in `block in serve'
  actionpack (5.1.1) lib/action_dispatch/journey/router.rb:33:in `serve'
  actionpack (5.1.1) lib/action_dispatch/routing/route_set.rb:832:in `call'
  rack (2.0.3) lib/rack/etag.rb:25:in `call'
  rack (2.0.3) lib/rack/conditional_get.rb:38:in `call'
  rack (2.0.3) lib/rack/head.rb:12:in `call'
  rack (2.0.3) lib/rack/session/abstract/id.rb:232:in `context'
  rack (2.0.3) lib/rack/session/abstract/id.rb:226:in `call'
  actionpack (5.1.1) lib/action_dispatch/middleware/cookies.rb:613:in `call'
  activerecord (5.1.1) lib/active_record/migration.rb:556:in `call'
  actionpack (5.1.1) lib/action_dispatch/middleware/callbacks.rb:26:in `block in call'
  activesupport (5.1.1) lib/active_support/callbacks.rb:97:in `run_callbacks'
  actionpack (5.1.1) lib/action_dispatch/middleware/callbacks.rb:24:in `call'
  actionpack (5.1.1) lib/action_dispatch/middleware/executor.rb:12:in `call'
  better_errors (2.1.1) lib/better_errors/middleware.rb:84:in `protected_app_call'
  better_errors (2.1.1) lib/better_errors/middleware.rb:79:in `better_errors_call'
  better_errors (2.1.1) lib/better_errors/middleware.rb:57:in `call'
  actionpack (5.1.1) lib/action_dispatch/middleware/debug_exceptions.rb:59:in `call'
  web-console (3.5.1) lib/web_console/middleware.rb:135:in `call_app'
  web-console (3.5.1) lib/web_console/middleware.rb:28:in `block in call'
  web-console (3.5.1) lib/web_console/middleware.rb:18:in `call'
  actionpack (5.1.1) lib/action_dispatch/middleware/show_exceptions.rb:31:in `call'
  railties (5.1.1) lib/rails/rack/logger.rb:36:in `call_app'
  railties (5.1.1) lib/rails/rack/logger.rb:24:in `block in call'
  activesupport (5.1.1) lib/active_support/tagged_logging.rb:69:in `block in tagged'
  activesupport (5.1.1) lib/active_support/tagged_logging.rb:26:in `tagged'
  activesupport (5.1.1) lib/active_support/tagged_logging.rb:69:in `tagged'
  railties (5.1.1) lib/rails/rack/logger.rb:24:in `call'
  sprockets-rails (3.2.0) lib/sprockets/rails/quiet_assets.rb:13:in `call'
  actionpack (5.1.1) lib/action_dispatch/middleware/remote_ip.rb:79:in `call'
  actionpack (5.1.1) lib/action_dispatch/middleware/request_id.rb:25:in `call'
  rack (2.0.3) lib/rack/method_override.rb:22:in `call'
  rack (2.0.3) lib/rack/runtime.rb:22:in `call'
  activesupport (5.1.1) lib/active_support/cache/strategy/local_cache_middleware.rb:27:in `call'
  actionpack (5.1.1) lib/action_dispatch/middleware/executor.rb:12:in `call'
  actionpack (5.1.1) lib/action_dispatch/middleware/static.rb:125:in `call'
  rack (2.0.3) lib/rack/sendfile.rb:111:in `call'
  railties (5.1.1) lib/rails/engine.rb:522:in `call'
  puma (3.8.2) lib/puma/configuration.rb:224:in `call'
  puma (3.8.2) lib/puma/server.rb:600:in `handle_request'
  puma (3.8.2) lib/puma/server.rb:435:in `process_client'
  puma (3.8.2) lib/puma/server.rb:299:in `block in run'
  puma (3.8.2) lib/puma/thread_pool.rb:120:in `block in spawn_thread'

